TN:
SF:src/app.ts
FN:26,(anonymous_1)
FN:31,(anonymous_2)
FN:32,(anonymous_3)
FN:34,(anonymous_4)
FN:91,(anonymous_5)
FN:100,(anonymous_6)
FN:114,(anonymous_7)
FN:116,(anonymous_8)
FN:139,(anonymous_9)
FN:141,(anonymous_10)
FNF:10
FNH:9
FNDA:15,(anonymous_1)
FNDA:1,(anonymous_2)
FNDA:0,(anonymous_3)
FNDA:6,(anonymous_4)
FNDA:1,(anonymous_5)
FNDA:1,(anonymous_6)
FNDA:2,(anonymous_7)
FNDA:2,(anonymous_8)
FNDA:1,(anonymous_9)
FNDA:1,(anonymous_10)
DA:3,1
DA:5,1
DA:7,1
DA:9,1
DA:12,1
DA:14,1
DA:15,1
DA:16,1
DA:17,1
DA:26,15
DA:29,1
DA:31,1
DA:32,1
DA:34,1
DA:35,6
DA:36,6
DA:37,6
DA:38,6
DA:39,6
DA:40,6
DA:41,6
DA:42,6
DA:44,6
DA:45,1
DA:46,1
DA:47,1
DA:53,5
DA:54,1
DA:55,1
DA:56,1
DA:62,4
DA:63,1
DA:64,1
DA:65,1
DA:71,3
DA:72,1
DA:73,1
DA:74,1
DA:80,2
DA:81,1
DA:82,1
DA:83,1
DA:89,1
DA:91,1
DA:92,1
DA:93,0
DA:94,0
DA:100,1
DA:101,1
DA:102,0
DA:103,0
DA:109,1
DA:114,1
DA:115,2
DA:116,2
DA:117,2
DA:118,1
DA:119,1
DA:120,1
DA:126,1
DA:127,0
DA:128,0
DA:129,0
DA:135,1
DA:139,1
DA:140,1
DA:141,1
DA:142,1
DA:143,0
DA:144,0
DA:145,0
DA:151,1
DA:152,0
DA:153,0
DA:154,0
DA:160,1
DA:164,1
LF:77
LH:64
BRDA:44,0,0,1
BRDA:44,0,1,5
BRDA:44,1,0,6
BRDA:44,1,1,6
BRDA:44,1,2,5
BRDA:44,1,3,5
BRDA:53,2,0,1
BRDA:53,2,1,4
BRDA:53,3,0,5
BRDA:53,3,1,5
BRDA:53,3,2,4
BRDA:53,3,3,4
BRDA:62,4,0,1
BRDA:62,4,1,3
BRDA:62,5,0,4
BRDA:62,5,1,4
BRDA:71,6,0,1
BRDA:71,6,1,2
BRDA:71,7,0,3
BRDA:71,7,1,3
BRDA:80,8,0,1
BRDA:80,8,1,1
BRDA:80,9,0,2
BRDA:80,9,1,2
BRDA:92,10,0,0
BRDA:92,10,1,1
BRDA:101,11,0,0
BRDA:101,11,1,1
BRDA:117,12,0,1
BRDA:117,12,1,1
BRDA:126,13,0,0
BRDA:126,13,1,1
BRDA:142,14,0,0
BRDA:142,14,1,1
BRDA:151,15,0,0
BRDA:151,15,1,1
BRF:36
BRH:31
end_of_record
TN:
SF:src/schemas.js
FN:3,(anonymous_0)
FNF:1
FNH:1
FNDA:1,(anonymous_0)
DA:3,1
DA:4,1
DA:19,1
DA:21,1
LF:4
LH:4
BRF:0
BRH:0
end_of_record
TN:
SF:src/utils/constants.ts
FNF:0
FNH:0
DA:3,1
DA:18,1
LF:2
LH:2
BRF:0
BRH:0
end_of_record
